C251 COMPILER V5.60.0,  main                                                               19/03/22  18:28:44  PAGE 1   


C251 COMPILER V5.60.0, COMPILATION OF MODULE main
OBJECT MODULE PLACED IN .\Out_File\main.obj
COMPILER INVOKED BY: D:\ProfessionalSoftware\MDK FOR ARM\C251\BIN\C251.EXE ..\USER\src\main.c XSMALL INTR2 WARNINGLEVEL(
                    -3) BROWSE INCDIR(..\..\Libraries\libraries;..\..\Libraries\seekfree_libraries;..\..\Libraries\seekfree_peripheral;..\COD
                    -E;..\USER\inc;..\USER\src) DEBUG PRINT(.\Out_File\main.lst) OBJECT(.\Out_File\main.obj) 

stmt  level    source

    1          /********************************************************************************************************
             -*************
    2           * COPYRIGHT NOTICE
    3           * Copyright (c) 2020,逐飞科技
    4           * All rights reserved.
    5           * 技术讨论QQ群：一群：179029047(已满)  二群：244861897(已满)  三群：824575535
    6           *
    7           * 以下所有内容版权均属逐飞科技所有，未经允许不得用于商业用途，
    8           * 欢迎各位使用并传播本程序，修改内容时必须保留逐飞科技的版权声明。
    9           *
   10           * @file                main
   11           * @company                     成都逐飞科技有限公司
   12           * @author              逐飞科技(QQ790875685)
   13           * @version             查看doc内version文件 版本说明
   14           * @Software            MDK FOR C251 V5.60
   15           * @Target core         STC32G12K128
   16           * @Taobao              https://seekfree.taobao.com/
   17           * @date                2020-12-18
   18           ********************************************************************************************************
             -************/
   19          
   20          #include "headfile.h"
   21          
   22          
   23          /*
   24           *在board_init中,已经将P54引脚设置为复位
   25           *如果需要使用P54引脚,可以在board.c文件中的board_init()函数中删除SET_P54_RESRT即可
   26           */
   27           
   28          
   29          uint8 write_buff[] = {1,2,3,4,5,6,7,8};
   30          uint8 read_buff[8];
   31          uint8 num = 0;
   32          uint8 read_num = 3;
   33          
   34          void main()
   35          {
   36   1          WTST = 0;               //设置程序代码等待参数，赋值为0可将CPU执行程序的速度设置为最快
   37   1          
   38   1              DisableGlobalIRQ();             //关闭总中断
   39   1              
   40   1          //sys_clk可选值:35000000，30000000, 27000000. 24000000, 22118400, 20000000, 18432000, 12000000, 11059
             -200, 6000000, 5529600。
   41   1          //设置系统频率，此频率需要跟STC-ISP软件中的 <输入用户程序运行的IRC频率>选项的频率一致。
   42   1          //如果频率设置不对，将会导致串口的数据不正常,PWM的工作不正常等等。
   43   1          sys_clk = 35000000;     //设置系统频率为35MHz
   44   1          
   45   1              board_init();                   //初始化寄存器
   46   1              //此处编写用户代码(例如：外设初始化代码等)
   47   1      
   48   1          iap_init();                 //初始化EEPROM
   49   1          
   50   1              //将"SEEKFREE"这个字符串到EEPROM中，地址(0x00-0x07)，共8个字符
   51   1              //该函数可以实现，对于同一个地址进行多次写入，不擦除扇区写入
   52   1              extern_iap_write_bytes(0x00, write_buff, 8);
   53   1              
   54   1              //将EEPROM中的内容读取到read_str字符串中，地址(0x00-0x07)，共8个字符
C251 COMPILER V5.60.0,  main                                                               19/03/22  18:28:44  PAGE 2   

   55   1              iap_read_bytes(0x00, read_buff, 8);
   56   1      
   57   1              //总中断最后开启
   58   1              EnableGlobalIRQ();              //开启总中断
   59   1          
   60   1       
   61   1      
   62   1          while(1)
   63   1              {
   64   2              //发送串口数据
   65   2              uart_putbuff(UART_1, read_buff, 8);
   66   2              delay_ms(500);
   67   2          }
   68   1      }
   69          
   70          
   71          


Module Information          Static   Overlayable
------------------------------------------------
  code size            =        75     ------
  ecode size           =    ------     ------
  data size            =    ------     ------
  idata size           =    ------     ------
  pdata size           =    ------     ------
  xdata size           =    ------     ------
  xdata-const size     =    ------     ------
  edata size           =        18     ------
  bit size             =    ------     ------
  ebit size            =    ------     ------
  bitaddressable size  =    ------     ------
  ebitaddressable size =    ------     ------
  far data size        =    ------     ------
  huge data size       =    ------     ------
  const size           =    ------     ------
  hconst size          =        22     ------
End of Module Information.


C251 COMPILATION COMPLETE.  0 WARNING(S),  0 ERROR(S)
